TN:
SF:src\dashboard\js\sync-module.js
FN:12,(anonymous_0)
FN:46,configure
FN:69,startAutoSync
FN:72,(anonymous_3)
FN:82,stopAutoSync
FN:96,queueChange
FN:117,syncNow
FN:130,fetchFromServer
FN:154,getQueueStatus
FN:156,(anonymous_9)
FN:157,(anonymous_10)
FN:167,clearQueue
FN:180,syncColumnsChunked
FN:257,sendChunk
FN:286,resolveConflicts
FN:341,delay
FN:342,(anonymous_16)
FN:351,processQueue
FN:360,(anonymous_18)
FN:394,(anonymous_19)
FN:412,sendToServer
FN:438,saveQueue
FN:449,loadQueue
FN:455,(anonymous_23)
FN:470,generateId
FN:495,(anonymous_25)
FN:504,showDialog
FN:527,mergeChanges
FN:560,(anonymous_28)
FN:564,(anonymous_29)
FN:568,(anonymous_30)
FN:571,(anonymous_31)
FN:598,(anonymous_32)
FN:616,(anonymous_33)
FN:641,(anonymous_34)
FN:666,(anonymous_35)
FN:673,(anonymous_36)
FN:680,(anonymous_37)
FNF:38
FNH:18
FNDA:1,(anonymous_0)
FNDA:5,configure
FNDA:0,startAutoSync
FNDA:0,(anonymous_3)
FNDA:0,stopAutoSync
FNDA:7,queueChange
FNDA:0,syncNow
FNDA:0,fetchFromServer
FNDA:2,getQueueStatus
FNDA:2,(anonymous_9)
FNDA:2,(anonymous_10)
FNDA:20,clearQueue
FNDA:5,syncColumnsChunked
FNDA:8,sendChunk
FNDA:7,resolveConflicts
FNDA:4,delay
FNDA:4,(anonymous_16)
FNDA:0,processQueue
FNDA:0,(anonymous_18)
FNDA:0,(anonymous_19)
FNDA:0,sendToServer
FNDA:27,saveQueue
FNDA:5,loadQueue
FNDA:0,(anonymous_23)
FNDA:7,generateId
FNDA:1,(anonymous_25)
FNDA:2,showDialog
FNDA:1,mergeChanges
FNDA:0,(anonymous_28)
FNDA:0,(anonymous_29)
FNDA:0,(anonymous_30)
FNDA:0,(anonymous_31)
FNDA:0,(anonymous_32)
FNDA:0,(anonymous_33)
FNDA:0,(anonymous_34)
FNDA:0,(anonymous_35)
FNDA:0,(anonymous_36)
FNDA:0,(anonymous_37)
DA:12,1
DA:16,1
DA:31,1
DA:32,1
DA:33,1
DA:34,1
DA:35,1
DA:36,1
DA:37,1
DA:47,5
DA:48,5
DA:49,5
DA:50,5
DA:51,5
DA:52,5
DA:53,5
DA:54,5
DA:57,5
DA:59,5
DA:70,0
DA:72,0
DA:73,0
DA:76,0
DA:83,0
DA:84,0
DA:85,0
DA:87,0
DA:97,7
DA:106,7
DA:107,7
DA:109,7
DA:110,7
DA:118,0
DA:119,0
DA:120,0
DA:123,0
DA:131,0
DA:132,0
DA:135,0
DA:136,0
DA:137,0
DA:139,0
DA:140,0
DA:143,0
DA:145,0
DA:146,0
DA:155,2
DA:156,2
DA:157,2
DA:168,20
DA:169,20
DA:170,20
DA:181,5
DA:182,1
DA:185,4
DA:186,4
DA:187,4
DA:189,4
DA:191,4
DA:201,4
DA:202,8
DA:203,8
DA:204,8
DA:206,8
DA:207,8
DA:209,7
DA:210,6
DA:211,1
DA:212,1
DA:214,0
DA:218,7
DA:219,7
DA:220,4
DA:228,7
DA:231,7
DA:232,4
DA:236,1
DA:237,1
DA:238,1
DA:242,4
DA:243,4
DA:245,4
DA:247,4
DA:248,0
DA:251,4
DA:258,8
DA:267,8
DA:268,0
DA:271,8
DA:277,7
DA:287,7
DA:288,7
DA:290,7
DA:291,8
DA:293,8
DA:295,2
DA:296,2
DA:299,6
DA:300,6
DA:302,6
DA:304,1
DA:305,5
DA:307,3
DA:314,3
DA:317,2
DA:324,2
DA:329,7
DA:330,8
DA:331,2
DA:335,7
DA:342,4
DA:352,0
DA:353,0
DA:355,0
DA:356,0
DA:358,0
DA:360,0
DA:361,0
DA:362,0
DA:364,0
DA:365,0
DA:366,0
DA:367,0
DA:368,0
DA:369,0
DA:371,0
DA:372,0
DA:375,0
DA:378,0
DA:380,0
DA:381,0
DA:382,0
DA:384,0
DA:385,0
DA:389,0
DA:394,0
DA:395,0
DA:397,0
DA:399,0
DA:400,0
DA:403,0
DA:404,0
DA:414,0
DA:420,0
DA:421,0
DA:424,0
DA:432,0
DA:439,27
DA:440,27
DA:442,0
DA:450,5
DA:451,5
DA:452,5
DA:453,5
DA:455,5
DA:456,0
DA:457,0
DA:462,0
DA:463,0
DA:471,7
DA:475,1
DA:495,1
DA:508,2
DA:514,2
DA:515,1
DA:517,1
DA:529,1
DA:539,1
DA:550,1
DA:562,0
DA:565,0
DA:566,0
DA:569,0
DA:572,0
DA:576,0
DA:579,0
DA:580,0
DA:581,0
DA:582,0
DA:585,0
DA:591,0
DA:600,0
DA:603,0
DA:604,0
DA:618,0
DA:619,0
DA:620,0
DA:621,0
DA:622,0
DA:623,0
DA:627,0
DA:628,0
DA:643,0
DA:644,0
DA:645,0
DA:646,0
DA:647,0
DA:648,0
DA:651,0
DA:654,0
DA:655,0
DA:667,0
DA:674,0
DA:681,0
DA:686,1
DA:687,1
DA:688,1
DA:689,1
DA:693,1
DA:694,1
LF:210
LH:109
BRDA:47,0,0,4
BRDA:47,0,1,1
BRDA:48,1,0,0
BRDA:48,1,1,5
BRDA:49,2,0,0
BRDA:49,2,1,5
BRDA:50,3,0,4
BRDA:50,3,1,1
BRDA:51,4,0,0
BRDA:51,4,1,5
BRDA:52,5,0,0
BRDA:52,5,1,5
BRDA:53,6,0,0
BRDA:53,6,1,5
BRDA:54,7,0,1
BRDA:54,7,1,4
BRDA:62,8,0,0
BRDA:62,8,1,5
BRDA:70,9,0,0
BRDA:70,9,1,0
BRDA:83,10,0,0
BRDA:83,10,1,0
BRDA:118,11,0,0
BRDA:118,11,1,0
BRDA:131,12,0,0
BRDA:131,12,1,0
BRDA:139,13,0,0
BRDA:139,13,1,0
BRDA:181,14,0,1
BRDA:181,14,1,4
BRDA:209,15,0,6
BRDA:209,15,1,1
BRDA:211,16,0,1
BRDA:211,16,1,0
BRDA:219,17,0,4
BRDA:219,17,1,3
BRDA:231,18,0,4
BRDA:231,18,1,3
BRDA:247,19,0,0
BRDA:247,19,1,4
BRDA:267,20,0,0
BRDA:267,20,1,8
BRDA:293,21,0,2
BRDA:293,21,1,6
BRDA:299,22,0,6
BRDA:299,22,1,1
BRDA:300,23,0,6
BRDA:300,23,1,0
BRDA:302,24,0,1
BRDA:302,24,1,5
BRDA:305,25,0,3
BRDA:305,25,1,2
BRDA:330,26,0,2
BRDA:330,26,1,6
BRDA:352,27,0,0
BRDA:352,27,1,0
BRDA:352,28,0,0
BRDA:352,28,1,0
BRDA:364,29,0,0
BRDA:364,29,1,0
BRDA:367,30,0,0
BRDA:367,30,1,0
BRDA:367,31,0,0
BRDA:367,31,1,0
BRDA:371,32,0,0
BRDA:371,32,1,0
BRDA:375,33,0,0
BRDA:375,33,1,0
BRDA:380,34,0,0
BRDA:380,34,1,0
BRDA:384,35,0,0
BRDA:384,35,1,0
BRDA:399,36,0,0
BRDA:399,36,1,0
BRDA:420,37,0,0
BRDA:420,37,1,0
BRDA:452,38,0,5
BRDA:452,38,1,0
BRDA:456,39,0,0
BRDA:456,39,1,0
BRDA:514,40,0,1
BRDA:514,40,1,1
BRDA:581,41,0,0
BRDA:581,41,1,0
BRDA:603,42,0,0
BRDA:603,42,1,0
BRDA:603,43,0,0
BRDA:603,43,1,0
BRDA:619,44,0,0
BRDA:619,44,1,0
BRDA:627,45,0,0
BRDA:627,45,1,0
BRDA:627,46,0,0
BRDA:627,46,1,0
BRDA:645,47,0,0
BRDA:645,47,1,0
BRDA:654,48,0,0
BRDA:654,48,1,0
BRDA:654,49,0,0
BRDA:654,49,1,0
BRDA:686,50,0,1
BRDA:686,50,1,0
BRDA:693,51,0,1
BRDA:693,51,1,0
BRDA:693,52,0,1
BRDA:693,52,1,1
BRF:106
BRH:41
end_of_record
TN:
SF:src\dashboard\js\stores\column-store.js
FN:17,quickChangeStatus
FN:55,bulkLockColumns
FN:91,quickChangeStage
FN:138,calculateColumnStats
FN:179,filterColumnsByZone
FN:205,isValidUID
FN:217,parseUID
FNF:7
FNH:7
FNDA:8,quickChangeStatus
FNDA:3,bulkLockColumns
FNDA:3,quickChangeStage
FNDA:4,calculateColumnStats
FNDA:5,filterColumnsByZone
FNDA:18,isValidUID
FNDA:6,parseUID
DA:18,8
DA:19,2
DA:22,6
DA:23,6
DA:25,6
DA:26,8
DA:27,7
DA:34,7
DA:38,6
DA:56,3
DA:57,0
DA:60,3
DA:61,3
DA:63,3
DA:64,4
DA:65,4
DA:71,4
DA:75,3
DA:92,3
DA:93,0
DA:96,3
DA:97,3
DA:98,3
DA:100,3
DA:101,3
DA:102,3
DA:104,3
DA:105,1
DA:110,2
DA:116,3
DA:120,3
DA:124,3
DA:139,4
DA:142,4
DA:143,16
DA:145,4
DA:148,4
DA:149,11
DA:150,11
DA:151,11
DA:152,11
DA:153,1
DA:155,11
DA:156,11
DA:161,4
DA:162,3
DA:163,16
DA:164,13
DA:169,4
DA:180,5
DA:181,3
DA:184,2
DA:186,2
DA:187,10
DA:188,10
DA:189,10
DA:190,10
DA:191,6
DA:196,2
DA:206,18
DA:208,14
DA:218,6
DA:220,3
DA:221,3
DA:223,3
DA:230,1
DA:231,1
DA:243,1
DA:244,1
LF:69
LH:67
BRDA:17,0,0,0
BRDA:18,1,0,2
BRDA:18,1,1,6
BRDA:18,2,0,8
BRDA:18,2,1,7
BRDA:26,3,0,7
BRDA:26,3,1,1
BRDA:42,4,0,6
BRDA:42,4,1,1
BRDA:55,5,0,1
BRDA:56,6,0,0
BRDA:56,6,1,3
BRDA:56,7,0,3
BRDA:56,7,1,3
BRDA:64,8,0,4
BRDA:64,8,1,0
BRDA:68,9,0,3
BRDA:68,9,1,1
BRDA:69,10,0,3
BRDA:69,10,1,1
BRDA:92,11,0,0
BRDA:92,11,1,3
BRDA:92,12,0,3
BRDA:92,12,1,3
BRDA:101,13,0,3
BRDA:101,13,1,0
BRDA:102,14,0,3
BRDA:102,14,1,2
BRDA:104,15,0,1
BRDA:104,15,1,2
BRDA:138,16,0,0
BRDA:150,17,0,11
BRDA:150,17,1,0
BRDA:150,18,0,11
BRDA:150,18,1,11
BRDA:151,19,0,11
BRDA:151,19,1,0
BRDA:152,20,0,1
BRDA:152,20,1,10
BRDA:161,21,0,3
BRDA:161,21,1,1
BRDA:163,22,0,13
BRDA:163,22,1,3
BRDA:163,23,0,16
BRDA:163,23,1,13
BRDA:180,24,0,3
BRDA:180,24,1,2
BRDA:180,25,0,5
BRDA:180,25,1,4
BRDA:180,25,2,3
BRDA:188,26,0,10
BRDA:188,26,1,0
BRDA:190,27,0,6
BRDA:190,27,1,4
BRDA:190,28,0,10
BRDA:190,28,1,10
BRDA:206,29,0,4
BRDA:206,29,1,14
BRDA:218,30,0,3
BRDA:218,30,1,3
BRDA:221,31,0,0
BRDA:221,31,1,3
BRDA:230,32,0,1
BRDA:230,32,1,0
BRDA:230,33,0,1
BRDA:230,33,1,1
BRDA:243,34,0,1
BRDA:243,34,1,0
BRF:68
BRH:56
end_of_record
TN:
SF:src\dashboard\js\stores\issue-store.js
FN:16,buildIssueIndex
FN:55,hasIssue
FN:69,isCellInIssueRange
FN:93,getIssueForCell
FN:107,getIssuesForCell
FN:120,getIssueSeverityClass
FN:140,getIssueTitle
FN:144,(anonymous_7)
FNF:8
FNH:8
FNDA:30,buildIssueIndex
FNDA:10004,hasIssue
FNDA:9,isCellInIssueRange
FNDA:7,getIssueForCell
FNDA:6,getIssuesForCell
FNDA:4,getIssueSeverityClass
FNDA:3,getIssueTitle
FNDA:2,(anonymous_7)
DA:17,30
DA:19,30
DA:20,4
DA:23,26
DA:24,67
DA:26,64
DA:27,64
DA:28,64
DA:31,63
DA:32,105
DA:33,105
DA:35,105
DA:36,294
DA:37,294
DA:38,254
DA:40,294
DA:45,26
DA:56,10004
DA:57,10002
DA:58,10002
DA:70,9
DA:71,8
DA:73,7
DA:74,7
DA:75,7
DA:76,7
DA:78,7
DA:80,7
DA:94,7
DA:95,6
DA:96,6
DA:97,6
DA:108,6
DA:109,5
DA:110,5
DA:121,4
DA:122,4
DA:124,3
DA:130,3
DA:141,3
DA:142,3
DA:143,2
DA:144,2
DA:148,1
DA:149,1
DA:161,1
DA:162,1
LF:47
LH:47
BRDA:19,0,0,4
BRDA:19,0,1,26
BRDA:19,1,0,30
BRDA:19,1,1,28
BRDA:24,2,0,3
BRDA:24,2,1,64
BRDA:24,3,0,67
BRDA:24,3,1,65
BRDA:28,4,0,1
BRDA:28,4,1,63
BRDA:28,5,0,64
BRDA:28,5,1,63
BRDA:33,6,0,0
BRDA:33,6,1,105
BRDA:37,7,0,254
BRDA:37,7,1,40
BRDA:56,8,0,2
BRDA:56,8,1,10002
BRDA:56,9,0,10004
BRDA:56,9,1,10003
BRDA:70,10,0,1
BRDA:70,10,1,8
BRDA:70,11,0,9
BRDA:70,11,1,8
BRDA:71,12,0,1
BRDA:71,12,1,7
BRDA:71,13,0,8
BRDA:71,13,1,7
BRDA:78,14,0,0
BRDA:78,14,1,7
BRDA:78,15,0,7
BRDA:78,15,1,7
BRDA:78,15,2,7
BRDA:80,16,0,7
BRDA:80,16,1,6
BRDA:80,16,2,5
BRDA:80,16,3,5
BRDA:94,17,0,1
BRDA:94,17,1,6
BRDA:94,18,0,7
BRDA:94,18,1,7
BRDA:94,18,2,6
BRDA:97,19,0,4
BRDA:97,19,1,2
BRDA:108,20,0,1
BRDA:108,20,1,5
BRDA:108,21,0,6
BRDA:108,21,1,6
BRDA:108,21,2,5
BRDA:110,22,0,5
BRDA:110,22,1,2
BRDA:122,23,0,1
BRDA:122,23,1,3
BRDA:130,24,0,3
BRDA:130,24,1,1
BRDA:142,25,0,1
BRDA:142,25,1,2
BRDA:143,26,0,1
BRDA:143,26,1,1
BRDA:148,27,0,1
BRDA:148,27,1,0
BRDA:148,28,0,1
BRDA:148,28,1,1
BRDA:161,29,0,1
BRDA:161,29,1,0
BRF:65
BRH:61
end_of_record
TN:
SF:src\dashboard\js\utils\reporting.js
FN:16,calculateZoneProgress
FN:70,calculateJeoljuProgress
FN:150,calculateIssueStats
FN:235,(anonymous_3)
FN:241,(anonymous_4)
FN:248,(anonymous_5)
FN:260,calculateProgressTrend
FN:288,(anonymous_7)
FN:311,calculateStageProgress
FN:351,(anonymous_9)
FN:361,generateBarChartData
FN:386,(anonymous_11)
FN:392,(anonymous_12)
FN:426,generateDonutChartData
FN:439,(anonymous_14)
FN:440,(anonymous_15)
FN:501,generateLineChartData
FN:524,(anonymous_17)
FN:528,(anonymous_18)
FN:535,(anonymous_19)
FN:544,(anonymous_20)
FN:554,(anonymous_21)
FN:566,(anonymous_22)
FN:582,formatReportForExcel
FN:661,filterColumnsByZone
FNF:25
FNH:25
FNDA:3,calculateZoneProgress
FNDA:2,calculateJeoljuProgress
FNDA:5,calculateIssueStats
FNDA:8,(anonymous_3)
FNDA:8,(anonymous_4)
FNDA:20,(anonymous_5)
FNDA:3,calculateProgressTrend
FNDA:21,(anonymous_7)
FNDA:2,calculateStageProgress
FNDA:4,(anonymous_9)
FNDA:3,generateBarChartData
FNDA:15,(anonymous_11)
FNDA:5,(anonymous_12)
FNDA:3,generateDonutChartData
FNDA:6,(anonymous_14)
FNDA:5,(anonymous_15)
FNDA:4,generateLineChartData
FNDA:7,(anonymous_17)
FNDA:7,(anonymous_18)
FNDA:7,(anonymous_19)
FNDA:7,(anonymous_20)
FNDA:7,(anonymous_21)
FNDA:15,(anonymous_22)
FNDA:4,formatReportForExcel
FNDA:9,filterColumnsByZone
DA:17,3
DA:19,3
DA:20,9
DA:21,9
DA:31,9
DA:32,36
DA:36,9
DA:37,55
DA:38,55
DA:39,55
DA:40,55
DA:41,5
DA:43,55
DA:44,55
DA:49,9
DA:50,3
DA:51,3
DA:52,3
DA:53,3
DA:56,9
DA:59,3
DA:71,2
DA:73,2
DA:74,6
DA:77,6
DA:78,81
DA:79,81
DA:80,81
DA:81,81
DA:82,27
DA:87,6
DA:99,6
DA:100,24
DA:104,6
DA:105,27
DA:106,27
DA:107,27
DA:108,27
DA:109,4
DA:111,27
DA:115,27
DA:116,26
DA:117,26
DA:118,3
DA:120,26
DA:121,26
DA:122,5
DA:123,21
DA:124,21
DA:126,0
DA:133,6
DA:134,4
DA:135,4
DA:138,6
DA:141,2
DA:152,5
DA:153,0
DA:156,5
DA:172,5
DA:173,5
DA:180,5
DA:181,20
DA:182,20
DA:185,20
DA:186,20
DA:187,20
DA:188,12
DA:189,12
DA:194,20
DA:195,8
DA:197,20
DA:199,20
DA:200,8
DA:203,8
DA:204,8
DA:205,8
DA:207,8
DA:208,8
DA:209,8
DA:210,8
DA:211,8
DA:218,20
DA:219,12
DA:220,12
DA:221,12
DA:222,4
DA:224,8
DA:225,8
DA:226,0
DA:234,5
DA:235,8
DA:238,5
DA:239,20
DA:240,20
DA:241,8
DA:246,5
DA:247,5
DA:248,20
DA:250,5
DA:261,3
DA:262,3
DA:263,3
DA:266,3
DA:267,44
DA:268,44
DA:269,44
DA:271,44
DA:281,3
DA:282,3
DA:284,3
DA:285,3
DA:286,3
DA:288,21
DA:289,3
DA:290,3
DA:292,3
DA:293,1
DA:295,3
DA:296,1
DA:301,3
DA:312,2
DA:313,2
DA:315,2
DA:316,6
DA:328,6
DA:329,30
DA:330,30
DA:331,20
DA:332,20
DA:333,13
DA:334,7
DA:335,2
DA:337,5
DA:340,10
DA:344,6
DA:345,3
DA:348,6
DA:351,4
DA:370,3
DA:372,3
DA:380,3
DA:381,3
DA:382,3
DA:383,3
DA:386,15
DA:392,3
DA:393,5
DA:394,5
DA:395,5
DA:397,5
DA:407,5
DA:408,5
DA:416,3
DA:431,3
DA:434,3
DA:435,0
DA:439,6
DA:440,5
DA:443,3
DA:444,0
DA:447,3
DA:448,3
DA:450,3
DA:459,3
DA:460,5
DA:462,5
DA:463,5
DA:464,5
DA:467,5
DA:468,5
DA:469,5
DA:470,5
DA:471,5
DA:472,5
DA:473,5
DA:474,5
DA:476,5
DA:478,5
DA:488,5
DA:491,3
DA:508,4
DA:510,4
DA:521,4
DA:524,7
DA:525,3
DA:528,7
DA:529,3
DA:530,3
DA:531,3
DA:532,3
DA:535,3
DA:536,7
DA:537,7
DA:539,7
DA:543,3
DA:544,7
DA:546,3
DA:547,3
DA:548,3
DA:553,3
DA:554,3
DA:555,7
DA:556,7
DA:565,3
DA:566,3
DA:567,15
DA:573,3
DA:583,4
DA:586,4
DA:603,4
DA:604,1
DA:608,1
DA:609,1
DA:618,1
DA:622,4
DA:623,1
DA:639,1
DA:643,4
DA:644,1
DA:648,1
DA:649,2
DA:651,1
DA:654,4
DA:662,9
DA:663,0
DA:666,9
DA:667,9
DA:668,165
DA:669,165
DA:670,165
DA:671,165
DA:672,55
DA:677,9
DA:681,1
DA:682,1
LF:235
LH:229
BRDA:16,0,0,0
BRDA:23,1,0,9
BRDA:23,1,1,0
BRDA:38,2,0,55
BRDA:38,2,1,0
BRDA:38,3,0,55
BRDA:38,3,1,55
BRDA:39,4,0,55
BRDA:39,4,1,0
BRDA:40,5,0,5
BRDA:40,5,1,50
BRDA:49,6,0,3
BRDA:49,6,1,6
BRDA:50,7,0,3
BRDA:50,7,1,1
BRDA:51,8,0,3
BRDA:51,8,1,1
BRDA:70,9,0,0
BRDA:79,10,0,81
BRDA:79,10,1,0
BRDA:81,11,0,27
BRDA:81,11,1,54
BRDA:81,12,0,81
BRDA:81,12,1,54
BRDA:89,13,0,6
BRDA:89,13,1,0
BRDA:106,14,0,27
BRDA:106,14,1,0
BRDA:106,15,0,27
BRDA:106,15,1,27
BRDA:107,16,0,27
BRDA:107,16,1,0
BRDA:108,17,0,4
BRDA:108,17,1,23
BRDA:115,18,0,26
BRDA:115,18,1,1
BRDA:115,19,0,27
BRDA:115,19,1,27
BRDA:117,20,0,3
BRDA:117,20,1,23
BRDA:121,21,0,5
BRDA:121,21,1,21
BRDA:123,22,0,21
BRDA:123,22,1,0
BRDA:133,23,0,4
BRDA:133,23,1,2
BRDA:134,24,0,4
BRDA:134,24,1,2
BRDA:152,25,0,0
BRDA:152,25,1,5
BRDA:181,26,0,20
BRDA:181,26,1,0
BRDA:182,27,0,20
BRDA:182,27,1,0
BRDA:185,28,0,20
BRDA:185,28,1,0
BRDA:187,29,0,12
BRDA:187,29,1,8
BRDA:194,30,0,8
BRDA:194,30,1,12
BRDA:199,31,0,8
BRDA:199,31,1,12
BRDA:199,32,0,20
BRDA:199,32,1,12
BRDA:203,33,0,8
BRDA:203,33,1,0
BRDA:203,34,0,8
BRDA:203,34,1,8
BRDA:207,35,0,8
BRDA:207,35,1,0
BRDA:207,36,0,8
BRDA:207,36,1,8
BRDA:207,36,2,8
BRDA:210,37,0,8
BRDA:210,37,1,0
BRDA:218,38,0,12
BRDA:218,38,1,8
BRDA:218,39,0,20
BRDA:218,39,1,12
BRDA:220,40,0,12
BRDA:220,40,1,0
BRDA:221,41,0,4
BRDA:221,41,1,8
BRDA:225,42,0,0
BRDA:225,42,1,8
BRDA:225,43,0,8
BRDA:225,43,1,8
BRDA:234,44,0,4
BRDA:234,44,1,1
BRDA:240,45,0,8
BRDA:240,45,1,12
BRDA:248,46,0,20
BRDA:248,46,1,20
BRDA:260,47,0,0
BRDA:282,48,0,0
BRDA:282,48,1,3
BRDA:289,49,0,3
BRDA:289,49,1,0
BRDA:292,50,0,1
BRDA:292,50,1,2
BRDA:292,51,0,3
BRDA:292,51,1,2
BRDA:295,52,0,1
BRDA:295,52,1,2
BRDA:318,53,0,6
BRDA:318,53,1,0
BRDA:320,54,0,6
BRDA:320,54,1,0
BRDA:330,55,0,20
BRDA:330,55,1,10
BRDA:330,56,0,30
BRDA:330,56,1,30
BRDA:330,56,2,30
BRDA:332,57,0,13
BRDA:332,57,1,7
BRDA:334,58,0,2
BRDA:334,58,1,5
BRDA:344,59,0,3
BRDA:344,59,1,3
BRDA:361,60,0,2
BRDA:363,61,0,3
BRDA:364,62,0,3
BRDA:365,63,0,3
BRDA:366,64,0,3
BRDA:367,65,0,3
BRDA:368,66,0,2
BRDA:369,67,0,3
BRDA:404,68,0,5
BRDA:404,68,1,2
BRDA:407,69,0,5
BRDA:407,69,1,0
BRDA:426,70,0,3
BRDA:428,71,0,3
BRDA:429,72,0,3
BRDA:430,73,0,3
BRDA:434,74,0,0
BRDA:434,74,1,3
BRDA:434,75,0,3
BRDA:434,75,1,3
BRDA:439,76,0,6
BRDA:439,76,1,6
BRDA:439,76,2,6
BRDA:443,77,0,0
BRDA:443,77,1,3
BRDA:460,78,0,0
BRDA:460,78,1,5
BRDA:476,79,0,2
BRDA:476,79,1,3
BRDA:501,80,0,3
BRDA:503,81,0,4
BRDA:504,82,0,4
BRDA:505,83,0,4
BRDA:506,84,0,4
BRDA:507,85,0,3
BRDA:521,86,0,1
BRDA:521,86,1,3
BRDA:521,87,0,4
BRDA:521,87,1,4
BRDA:524,88,0,7
BRDA:524,88,1,7
BRDA:524,88,2,7
BRDA:525,89,0,0
BRDA:525,89,1,3
BRDA:532,90,0,3
BRDA:532,90,1,0
BRDA:543,91,0,3
BRDA:543,91,1,0
BRDA:546,92,0,3
BRDA:546,92,1,0
BRDA:555,93,0,7
BRDA:555,93,1,0
BRDA:555,94,0,7
BRDA:555,94,1,0
BRDA:559,95,0,7
BRDA:559,95,1,0
BRDA:590,96,0,4
BRDA:590,96,1,3
BRDA:592,97,0,4
BRDA:592,97,1,3
BRDA:593,98,0,4
BRDA:593,98,1,3
BRDA:594,99,0,4
BRDA:594,99,1,3
BRDA:595,100,0,4
BRDA:595,100,1,3
BRDA:597,101,0,4
BRDA:597,101,1,3
BRDA:598,102,0,4
BRDA:598,102,1,3
BRDA:603,103,0,1
BRDA:603,103,1,3
BRDA:612,104,0,1
BRDA:612,104,1,0
BRDA:613,105,0,1
BRDA:613,105,1,1
BRDA:614,106,0,1
BRDA:614,106,1,1
BRDA:622,107,0,1
BRDA:622,107,1,3
BRDA:626,108,0,1
BRDA:626,108,1,0
BRDA:627,109,0,1
BRDA:627,109,1,0
BRDA:628,110,0,1
BRDA:628,110,1,0
BRDA:629,111,0,1
BRDA:629,111,1,0
BRDA:630,112,0,1
BRDA:630,112,1,0
BRDA:631,113,0,1
BRDA:631,113,1,0
BRDA:632,114,0,1
BRDA:632,114,1,0
BRDA:633,115,0,1
BRDA:633,115,1,1
BRDA:634,116,0,1
BRDA:634,116,1,0
BRDA:635,117,0,1
BRDA:635,117,1,0
BRDA:636,118,0,1
BRDA:636,118,1,1
BRDA:637,119,0,1
BRDA:637,119,1,0
BRDA:643,120,0,1
BRDA:643,120,1,3
BRDA:662,121,0,0
BRDA:662,121,1,9
BRDA:662,122,0,9
BRDA:662,122,1,9
BRDA:662,122,2,9
BRDA:669,123,0,165
BRDA:669,123,1,0
BRDA:671,124,0,55
BRDA:671,124,1,110
BRDA:671,125,0,165
BRDA:671,125,1,77
BRDA:681,126,0,1
BRDA:681,126,1,0
BRDA:681,127,0,1
BRDA:681,127,1,1
BRF:240
BRH:191
end_of_record
TN:
SF:src\dashboard\js\utils\touch-drag.js
FN:25,getCellsInTouchDragRect
FN:83,calculateOverlayStyle
FN:102,countCellsInDragRect
FN:113,isPointInGrid
FN:129,constrainPointToGrid
FNF:5
FNH:5
FNDA:10,getCellsInTouchDragRect
FNDA:5,calculateOverlayStyle
FNDA:1,countCellsInDragRect
FNDA:9,isPointInGrid
FNDA:7,constrainPointToGrid
DA:38,10
DA:40,10
DA:42,7
DA:45,7
DA:46,7
DA:47,7
DA:48,7
DA:51,7
DA:54,7
DA:55,7
DA:56,7
DA:57,7
DA:60,7
DA:61,22
DA:62,22
DA:64,22
DA:65,111
DA:67,111
DA:68,74
DA:73,7
DA:84,5
DA:85,2
DA:88,3
DA:89,3
DA:90,3
DA:91,3
DA:93,3
DA:103,1
DA:114,9
DA:116,7
DA:130,7
DA:132,6
DA:139,1
DA:140,1
LF:34
LH:34
BRDA:30,0,0,3
BRDA:31,1,0,3
BRDA:32,2,0,3
BRDA:33,3,0,3
BRDA:34,4,0,3
BRDA:35,5,0,3
BRDA:36,6,0,3
BRDA:37,7,0,3
BRDA:40,8,0,3
BRDA:40,8,1,7
BRDA:40,9,0,10
BRDA:40,9,1,9
BRDA:40,9,2,8
BRDA:62,10,0,0
BRDA:62,10,1,22
BRDA:67,11,0,74
BRDA:67,11,1,37
BRDA:84,12,0,2
BRDA:84,12,1,3
BRDA:84,13,0,5
BRDA:84,13,1,4
BRDA:114,14,0,2
BRDA:114,14,1,7
BRDA:114,15,0,9
BRDA:114,15,1,8
BRDA:116,16,0,7
BRDA:116,16,1,6
BRDA:116,16,2,5
BRDA:116,16,3,4
BRDA:130,17,0,1
BRDA:130,17,1,6
BRDA:130,18,0,7
BRDA:130,18,1,7
BRDA:139,19,0,1
BRDA:139,19,1,0
BRDA:139,20,0,1
BRDA:139,20,1,1
BRF:37
BRH:35
end_of_record
TN:
SF:src\dashboard\js\utils\virtual-scroll.js
FN:25,calculateVisibleRange
FN:67,getCellPosition
FN:98,calculateGridDimensions
FN:122,shouldEnableVirtualScroll
FN:132,getScrollPositionInfo
FNF:5
FNH:5
FNDA:5,calculateVisibleRange
FNDA:3,getCellPosition
FNDA:3,calculateGridDimensions
FNDA:7,shouldEnableVirtualScroll
FNDA:2,getScrollPositionInfo
DA:38,5
DA:41,5
DA:42,5
DA:45,5
DA:46,5
DA:48,5
DA:73,3
DA:75,3
DA:76,3
DA:78,3
DA:106,3
DA:108,3
DA:123,7
DA:146,2
DA:148,2
DA:152,1
DA:153,1
LF:17
LH:17
BRDA:27,0,0,1
BRDA:28,1,0,1
BRDA:29,2,0,1
BRDA:30,3,0,1
BRDA:31,4,0,1
BRDA:32,5,0,1
BRDA:33,6,0,1
BRDA:34,7,0,1
BRDA:35,8,0,1
BRDA:36,9,0,1
BRDA:37,10,0,1
BRDA:69,11,0,1
BRDA:70,12,0,1
BRDA:71,13,0,1
BRDA:72,14,0,1
BRDA:100,15,0,1
BRDA:101,16,0,1
BRDA:102,17,0,1
BRDA:103,18,0,1
BRDA:104,19,0,1
BRDA:105,20,0,1
BRDA:122,21,0,5
BRDA:134,22,0,2
BRDA:135,23,0,2
BRDA:136,24,0,2
BRDA:137,25,0,2
BRDA:138,26,0,2
BRDA:139,27,0,2
BRDA:140,28,0,1
BRDA:141,29,0,1
BRDA:142,30,0,1
BRDA:143,31,0,1
BRDA:144,32,0,1
BRDA:145,33,0,1
BRDA:152,34,0,1
BRDA:152,34,1,0
BRDA:152,35,0,1
BRDA:152,35,1,1
BRF:38
BRH:37
end_of_record
